This is pdfTeX, Version 3.14159265-2.6-1.40.20 (TeX Live 2019/Debian) (preloaded format=pdflatex 2022.8.29)  27 SEP 2022 19:04
entering extended mode
 restricted \write18 enabled.
 file:line:error style messages enabled.
 %&-line parsing enabled.
**report_v0.tex
(./report_v0.tex
LaTeX2e <2020-02-02> patch level 2
L3 programming layer <2020-02-14> (/usr/share/texlive/texmf-dist/tex/latex/base/article.cls
Document Class: article 2019/12/20 v1.4l Standard LaTeX document class
(/usr/share/texlive/texmf-dist/tex/latex/base/size10.clo
File: size10.clo 2019/12/20 v1.4l Standard LaTeX file (size option)
)
\c@part=\count167
\c@section=\count168
\c@subsection=\count169
\c@subsubsection=\count170
\c@paragraph=\count171
\c@subparagraph=\count172
\c@figure=\count173
\c@table=\count174
\abovecaptionskip=\skip47
\belowcaptionskip=\skip48
\bibindent=\dimen134
) (/usr/share/texlive/texmf-dist/tex/latex/base/inputenc.sty
Package: inputenc 2018/08/11 v1.3c Input encoding file
\inpenc@prehook=\toks14
\inpenc@posthook=\toks15
) (/usr/share/texlive/texmf-dist/tex/latex/amsmath/amsmath.sty
Package: amsmath 2020/01/20 v2.17e AMS math features
\@mathmargin=\skip49

For additional information on amsmath, use the `?' option.
(/usr/share/texlive/texmf-dist/tex/latex/amsmath/amstext.sty
Package: amstext 2000/06/29 v2.01 AMS text
 (/usr/share/texlive/texmf-dist/tex/latex/amsmath/amsgen.sty
File: amsgen.sty 1999/11/30 v2.0 generic functions
\@emptytoks=\toks16
\ex@=\dimen135
)) (/usr/share/texlive/texmf-dist/tex/latex/amsmath/amsbsy.sty
Package: amsbsy 1999/11/29 v1.2d Bold Symbols
\pmbraise@=\dimen136
) (/usr/share/texlive/texmf-dist/tex/latex/amsmath/amsopn.sty
Package: amsopn 2016/03/08 v2.02 operator names
)
\inf@bad=\count175
LaTeX Info: Redefining \frac on input line 227.
\uproot@=\count176
\leftroot@=\count177
LaTeX Info: Redefining \overline on input line 389.
\classnum@=\count178
\DOTSCASE@=\count179
LaTeX Info: Redefining \ldots on input line 486.
LaTeX Info: Redefining \dots on input line 489.
LaTeX Info: Redefining \cdots on input line 610.
\Mathstrutbox@=\box45
\strutbox@=\box46
\big@size=\dimen137
LaTeX Font Info:    Redeclaring font encoding OML on input line 733.
LaTeX Font Info:    Redeclaring font encoding OMS on input line 734.
\macc@depth=\count180
\c@MaxMatrixCols=\count181
\dotsspace@=\muskip16
\c@parentequation=\count182
\dspbrk@lvl=\count183
\tag@help=\toks17
\row@=\count184
\column@=\count185
\maxfields@=\count186
\andhelp@=\toks18
\eqnshift@=\dimen138
\alignsep@=\dimen139
\tagshift@=\dimen140
\tagwidth@=\dimen141
\totwidth@=\dimen142
\lineht@=\dimen143
\@envbody=\toks19
\multlinegap=\skip50
\multlinetaggap=\skip51
\mathdisplay@stack=\toks20
LaTeX Info: Redefining \[ on input line 2859.
LaTeX Info: Redefining \] on input line 2860.
) (/usr/share/texlive/texmf-dist/tex/latex/amsfonts/amssymb.sty
Package: amssymb 2013/01/14 v3.01 AMS font symbols
 (/usr/share/texlive/texmf-dist/tex/latex/amsfonts/amsfonts.sty
Package: amsfonts 2013/01/14 v3.01 Basic AMSFonts support
\symAMSa=\mathgroup4
\symAMSb=\mathgroup5
LaTeX Font Info:    Redeclaring math symbol \hbar on input line 98.
LaTeX Font Info:    Overwriting math alphabet `\mathfrak' in version `bold'
(Font)                  U/euf/m/n --> U/euf/b/n on input line 106.
)) (/usr/share/texlive/texmf-dist/tex/latex/graphics/color.sty
Package: color 2019/11/23 v1.2a Standard LaTeX Color (DPC)
 (/usr/share/texlive/texmf-dist/tex/latex/graphics-cfg/color.cfg
File: color.cfg 2016/01/02 v1.6 sample color configuration
)
Package color Info: Driver file: pdftex.def on input line 147.
 (/usr/share/texlive/texmf-dist/tex/latex/graphics-def/pdftex.def
File: pdftex.def 2018/01/08 v1.0l Graphics/color driver for pdftex
)) (/usr/share/texlive/texmf-dist/tex/latex/graphics/graphicx.sty
Package: graphicx 2019/11/30 v1.2a Enhanced LaTeX Graphics (DPC,SPQR)
 (/usr/share/texlive/texmf-dist/tex/latex/graphics/keyval.sty
Package: keyval 2014/10/28 v1.15 key=value parser (DPC)
\KV@toks@=\toks21
) (/usr/share/texlive/texmf-dist/tex/latex/graphics/graphics.sty
Package: graphics 2019/11/30 v1.4a Standard LaTeX Graphics (DPC,SPQR)
 (/usr/share/texlive/texmf-dist/tex/latex/graphics/trig.sty
Package: trig 2016/01/03 v1.10 sin cos tan (DPC)
) (/usr/share/texlive/texmf-dist/tex/latex/graphics-cfg/graphics.cfg
File: graphics.cfg 2016/06/04 v1.11 sample graphics configuration
)
Package graphics Info: Driver file: pdftex.def on input line 105.
)
\Gin@req@height=\dimen144
\Gin@req@width=\dimen145
) (/usr/share/texlive/texmf-dist/tex/latex/float/float.sty
Package: float 2001/11/08 v1.3d Float enhancements (AL)
\c@float@type=\count187
\float@exts=\toks22
\float@box=\box47
\@float@everytoks=\toks23
\@floatcapt=\box48
) (/usr/share/texlive/texmf-dist/tex/latex/physics/physics.sty
Package: physics 
 (/usr/share/texlive/texmf-dist/tex/latex/l3packages/xparse/xparse.sty (/usr/share/texlive/texmf-dist/tex/latex/l3kernel/expl3.sty
Package: expl3 2020-02-14 L3 programming layer (loader) 
 (/usr/share/texlive/texmf-dist/tex/latex/l3backend/l3backend-pdfmode.def
File: l3backend-pdfmode.def 2020-02-03 L3 backend support: PDF mode
\l__kernel_color_stack_int=\count188
\l__pdf_internal_box=\box49
))
Package: xparse 2020-02-14 L3 Experimental document command parser
\l__xparse_current_arg_int=\count189
\g__xparse_grabber_int=\count190
\l__xparse_m_args_int=\count191
\l__xparse_v_nesting_int=\count192
)) (/usr/share/texlive/texmf-dist/tex/latex/caption/caption.sty
Package: caption 2020/01/03 v3.4h Customizing captions (AR)
 (/usr/share/texlive/texmf-dist/tex/latex/caption/caption3.sty
Package: caption3 2020/01/03 v1.8h caption3 kernel (AR)
Package caption3 Info: TeX engine: e-TeX on input line 61.
\captionmargin=\dimen146
\captionmargin@=\dimen147
\captionwidth=\dimen148
\caption@tempdima=\dimen149
\caption@indent=\dimen150
\caption@parindent=\dimen151
\caption@hangindent=\dimen152
Package caption Info: Standard document class detected.
)
\c@caption@flags=\count193
\c@continuedfloat=\count194
Package caption Info: float package is loaded.
) (/usr/share/texlive/texmf-dist/tex/latex/caption/subcaption.sty
Package: subcaption 2020/01/22 v1.3d Sub-captions (AR)
\c@subfigure=\count195
\c@subtable=\count196
) (./report_v0.aux)
\openout1 = `report_v0.aux'.

LaTeX Font Info:    Checking defaults for OML/cmm/m/it on input line 14.
LaTeX Font Info:    ... okay on input line 14.
LaTeX Font Info:    Checking defaults for OMS/cmsy/m/n on input line 14.
LaTeX Font Info:    ... okay on input line 14.
LaTeX Font Info:    Checking defaults for OT1/cmr/m/n on input line 14.
LaTeX Font Info:    ... okay on input line 14.
LaTeX Font Info:    Checking defaults for T1/cmr/m/n on input line 14.
LaTeX Font Info:    ... okay on input line 14.
LaTeX Font Info:    Checking defaults for TS1/cmr/m/n on input line 14.
LaTeX Font Info:    ... okay on input line 14.
LaTeX Font Info:    Checking defaults for OMX/cmex/m/n on input line 14.
LaTeX Font Info:    ... okay on input line 14.
LaTeX Font Info:    Checking defaults for U/cmr/m/n on input line 14.
LaTeX Font Info:    ... okay on input line 14.
 (/usr/share/texlive/texmf-dist/tex/context/base/mkii/supp-pdf.mkii
[Loading MPS to PDF converter (version 2006.09.02).]
\scratchcounter=\count197
\scratchdimen=\dimen153
\scratchbox=\box50
\nofMPsegments=\count198
\nofMParguments=\count199
\everyMPshowfont=\toks24
\MPscratchCnt=\count266
\MPscratchDim=\dimen154
\MPnumerator=\count267
\makeMPintoPDFobject=\count268
\everyMPtoPDFconversion=\toks25
) (/usr/share/texlive/texmf-dist/tex/latex/epstopdf-pkg/epstopdf-base.sty
Package: epstopdf-base 2020-01-24 v2.11 Base part for package epstopdf
Package epstopdf-base Info: Redefining graphics rule for `.eps' on input line 485.
 (/usr/share/texlive/texmf-dist/tex/latex/latexconfig/epstopdf-sys.cfg
File: epstopdf-sys.cfg 2010/07/13 v1.3 Configuration of (r)epstopdf for TeX Live
))
Package caption Info: Begin \AtBeginDocument code.
Package caption Info: End \AtBeginDocument code.
LaTeX Font Info:    Trying to load font information for U+msa on input line 15.
 (/usr/share/texlive/texmf-dist/tex/latex/amsfonts/umsa.fd
File: umsa.fd 2013/01/14 v3.01 AMS symbols A
)
LaTeX Font Info:    Trying to load font information for U+msb on input line 15.
 (/usr/share/texlive/texmf-dist/tex/latex/amsfonts/umsb.fd
File: umsb.fd 2013/01/14 v3.01 AMS symbols B
)
Package epstopdf Info: Source file: <figs/task1_results_v3.eps>
(epstopdf)                    date: 2022-09-25 17:27:30
(epstopdf)                    size: 3351635 bytes
(epstopdf)             Output file: <figs/task1_results_v3-eps-converted-to.pdf>
(epstopdf)                    date: 2022-09-25 18:04:07
(epstopdf)                    size: 13669252 bytes
(epstopdf)             Command: <repstopdf --outfile=figs/task1_results_v3-eps-converted-to.pdf figs/task1_results_v3.eps>
(epstopdf)             \includegraphics on input line 35.
Package epstopdf Info: Output file is already uptodate.
<figs/task1_results_v3-eps-converted-to.pdf, id=1, 463.7325pt x 347.2975pt>
File: figs/task1_results_v3-eps-converted-to.pdf Graphic file (type pdf)
<use figs/task1_results_v3-eps-converted-to.pdf>
Package pdftex.def Info: figs/task1_results_v3-eps-converted-to.pdf  used on input line 35.
(pdftex.def)             Requested size: 345.0pt x 258.37924pt.
 [1

{/var/lib/texmf/fonts/map/pdftex/updmap/pdftex.map}]
Overfull \hbox (69.27895pt too wide) in paragraph at lines 39--41
[]\OT1/cmr/m/n/10 fano 1: 0.8590949869606674, 1.1071931505832386, 0.8251200323666483, 1.1902282676221339
 []


Overfull \hbox (37.05667pt too wide) in paragraph at lines 39--41
\OT1/cmr/m/n/10 fano 30: 6.156031101748737, 4.70351845831606, 4.887249384566237, 4..031827409953343 
 []

Package epstopdf Info: Source file: <figs/task2_prot_prod_v4.eps>
(epstopdf)                    date: 2022-09-25 17:27:30
(epstopdf)                    size: 699476 bytes
(epstopdf)             Output file: <figs/task2_prot_prod_v4-eps-converted-to.pdf>
(epstopdf)                    date: 2022-09-25 17:27:30
(epstopdf)                    size: 138550 bytes
(epstopdf)             Command: <repstopdf --outfile=figs/task2_prot_prod_v4-eps-converted-to.pdf figs/task2_prot_prod_v4.eps>
(epstopdf)             \includegraphics on input line 48.
Package epstopdf Info: Output file is already uptodate.
<figs/task2_prot_prod_v4-eps-converted-to.pdf, id=16, 463.7325pt x 347.2975pt>
File: figs/task2_prot_prod_v4-eps-converted-to.pdf Graphic file (type pdf)
<use figs/task2_prot_prod_v4-eps-converted-to.pdf>
Package pdftex.def Info: figs/task2_prot_prod_v4-eps-converted-to.pdf  used on input line 48.
(pdftex.def)             Requested size: 169.0519pt x 126.6062pt.
Package epstopdf Info: Source file: <figs/task2_meanfield_v6.eps>
(epstopdf)                    date: 2022-09-25 19:00:20
(epstopdf)                    size: 24960 bytes
(epstopdf)             Output file: <figs/task2_meanfield_v6-eps-converted-to.pdf>
(epstopdf)                    date: 2022-09-25 19:00:58
(epstopdf)                    size: 17520 bytes
(epstopdf)             Command: <repstopdf --outfile=figs/task2_meanfield_v6-eps-converted-to.pdf figs/task2_meanfield_v6.eps>
(epstopdf)             \includegraphics on input line 54.
Package epstopdf Info: Output file is already uptodate.
<figs/task2_meanfield_v6-eps-converted-to.pdf, id=17, 463.7325pt x 347.2975pt>
File: figs/task2_meanfield_v6-eps-converted-to.pdf Graphic file (type pdf)
<use figs/task2_meanfield_v6-eps-converted-to.pdf>
Package pdftex.def Info: figs/task2_meanfield_v6-eps-converted-to.pdf  used on input line 54.
(pdftex.def)             Requested size: 169.0519pt x 126.6062pt.
[2 <./figs/task1_results_v3-eps-converted-to.pdf>]
Overfull \hbox (59.83447pt too wide) in paragraph at lines 65--67
[]\OT1/cmr/m/n/10 fano : [0.599188291198464, 0.72453043417012, 1.2300894353902483, 0.35115527673548463]
 []


Overfull \hbox (54.27895pt too wide) in paragraph at lines 74--75
\OT1/cmr/m/n/10 fano1 : 1.1537323139033988, 1.0293234725437235, 1.1255733414025437, 0.9870385180083185 
 []

Package epstopdf Info: Source file: <figs/task3_prot_prod_both_graphs_v2.eps>
(epstopdf)                    date: 2022-09-25 19:16:55
(epstopdf)                    size: 501186 bytes
(epstopdf)             Output file: <figs/task3_prot_prod_both_graphs_v2-eps-converted-to.pdf>
(epstopdf)                    date: 2022-09-25 19:17:18
(epstopdf)                    size: 97916 bytes
(epstopdf)             Command: <repstopdf --outfile=figs/task3_prot_prod_both_graphs_v2-eps-converted-to.pdf figs/task3_prot_prod_both_graphs_v2.eps>
(epstopdf)             \includegraphics on input line 80.
Package epstopdf Info: Output file is already uptodate.
<figs/task3_prot_prod_both_graphs_v2-eps-converted-to.pdf, id=59, 463.7325pt x 347.2975pt>
File: figs/task3_prot_prod_both_graphs_v2-eps-converted-to.pdf Graphic file (type pdf)
<use figs/task3_prot_prod_both_graphs_v2-eps-converted-to.pdf>
Package pdftex.def Info: figs/task3_prot_prod_both_graphs_v2-eps-converted-to.pdf  used on input line 80.
(pdftex.def)             Requested size: 345.0pt x 258.37924pt.
[3 <./figs/task2_prot_prod_v4-eps-converted-to.pdf> <./figs/task2_meanfield_v6-eps-converted-to.pdf>]

Package caption Warning: \label without proper reference on input line 81.
See the caption package documentation for explanation.


LaTeX Warning: Reference `fig:task3' on page 4 undefined on input line 85.

[4 <./figs/task3_prot_prod_both_graphs_v2-eps-converted-to.pdf>]
Package epstopdf Info: Source file: <figs/task4_histogram_labversion_v0.eps>
(epstopdf)                    date: 2022-09-27 17:21:15
(epstopdf)                    size: 27829 bytes
(epstopdf)             Output file: <figs/task4_histogram_labversion_v0-eps-converted-to.pdf>
(epstopdf)                    date: 2022-09-27 17:22:23
(epstopdf)                    size: 15786 bytes
(epstopdf)             Command: <repstopdf --outfile=figs/task4_histogram_labversion_v0-eps-converted-to.pdf figs/task4_histogram_labversion_v0.eps>
(epstopdf)             \includegraphics on input line 105.
Package epstopdf Info: Output file is already uptodate.
<figs/task4_histogram_labversion_v0-eps-converted-to.pdf, id=185, 463.7325pt x 347.2975pt>
File: figs/task4_histogram_labversion_v0-eps-converted-to.pdf Graphic file (type pdf)
<use figs/task4_histogram_labversion_v0-eps-converted-to.pdf>
Package pdftex.def Info: figs/task4_histogram_labversion_v0-eps-converted-to.pdf  used on input line 105.
(pdftex.def)             Requested size: 345.0pt x 258.37924pt.
Package epstopdf Info: Source file: <figs/task4_rateplot_labversion_v0.eps>
(epstopdf)                    date: 2022-09-27 18:16:03
(epstopdf)                    size: 25251 bytes
(epstopdf)             Output file: <figs/task4_rateplot_labversion_v0-eps-converted-to.pdf>
(epstopdf)                    date: 2022-09-27 18:20:41
(epstopdf)                    size: 15586 bytes
(epstopdf)             Command: <repstopdf --outfile=figs/task4_rateplot_labversion_v0-eps-converted-to.pdf figs/task4_rateplot_labversion_v0.eps>
(epstopdf)             \includegraphics on input line 111.
Package epstopdf Info: Output file is already uptodate.
<figs/task4_rateplot_labversion_v0-eps-converted-to.pdf, id=186, 463.7325pt x 347.2975pt>
File: figs/task4_rateplot_labversion_v0-eps-converted-to.pdf Graphic file (type pdf)
<use figs/task4_rateplot_labversion_v0-eps-converted-to.pdf>
Package pdftex.def Info: figs/task4_rateplot_labversion_v0-eps-converted-to.pdf  used on input line 111.
(pdftex.def)             Requested size: 345.0pt x 258.37924pt.
 [5 <./figs/task4_histogram_labversion_v0-eps-converted-to.pdf>]
Package epstopdf Info: Source file: <figs/task4_linfit_labversion_v0.eps>
(epstopdf)                    date: 2022-09-27 18:57:03
(epstopdf)                    size: 22835 bytes
(epstopdf)             Output file: <figs/task4_linfit_labversion_v0-eps-converted-to.pdf>
(epstopdf)                    date: 2022-09-27 18:58:03
(epstopdf)                    size: 14456 bytes
(epstopdf)             Command: <repstopdf --outfile=figs/task4_linfit_labversion_v0-eps-converted-to.pdf figs/task4_linfit_labversion_v0.eps>
(epstopdf)             \includegraphics on input line 117.
Package epstopdf Info: Output file is already uptodate.
<figs/task4_linfit_labversion_v0-eps-converted-to.pdf, id=230, 463.7325pt x 347.2975pt>
File: figs/task4_linfit_labversion_v0-eps-converted-to.pdf Graphic file (type pdf)
<use figs/task4_linfit_labversion_v0-eps-converted-to.pdf>
Package pdftex.def Info: figs/task4_linfit_labversion_v0-eps-converted-to.pdf  used on input line 117.
(pdftex.def)             Requested size: 345.0pt x 258.37924pt.
 [6 <./figs/task4_rateplot_labversion_v0-eps-converted-to.pdf>]

Package caption Warning: \label without proper reference on input line 118.
See the caption package documentation for explanation.


LaTeX Warning: Reference `fig:task4_linfit' on page 7 undefined on input line 120.


Package caption Warning: \label without proper reference on input line 112.
See the caption package documentation for explanation.


LaTeX Warning: Reference `fig:task4_rateplot' on page 7 undefined on input line 123.


Overfull \hbox (9.44524pt too wide) in paragraph at lines 134--140
[]\OT1/cmr/m/n/10 Average rates for bot-tom per-form-ers: [17.5483871 ] [17.20967742] [13.61290323]
 []

[7 <./figs/task4_linfit_labversion_v0-eps-converted-to.pdf>] (./report_v0.aux)

LaTeX Warning: There were undefined references.

 ) 
Here is how much of TeX's memory you used:
 4607 strings out of 483081
 71370 string characters out of 5963441
 307288 words of memory out of 5000000
 19598 multiletter control sequences out of 15000+600000
 541439 words of font info for 60 fonts, out of 8000000 for 9000
 59 hyphenation exceptions out of 8191
 43i,8n,42p,548b,527s stack positions out of 5000i,500n,10000p,200000b,80000s
</usr/share/texlive/texmf-dist/fonts/type1/public/amsfonts/cm/cmbx10.pfb></usr/share/texlive/texmf-dist/fonts/type1/public/amsfonts/cm/cmbx12.pfb></usr/share/texlive/texmf-dist/fonts/type1/public/amsfonts/cm/cmmi10.pfb></usr/share/texlive/texmf-dist/fonts/type1/public/amsfonts/cm/cmmi5.pfb></usr/share/texlive/texmf-dist/fonts/type1/public/amsfonts/cm/cmmi7.pfb></usr/share/texlive/texmf-dist/fonts/type1/public/amsfonts/cm/cmmi9.pfb></usr/share/texlive/texmf-dist/fonts/type1/public/amsfonts/cm/cmr10.pfb></usr/share/texlive/texmf-dist/fonts/type1/public/amsfonts/cm/cmr12.pfb></usr/share/texlive/texmf-dist/fonts/type1/public/amsfonts/cm/cmr17.pfb></usr/share/texlive/texmf-dist/fonts/type1/public/amsfonts/cm/cmr7.pfb></usr/share/texlive/texmf-dist/fonts/type1/public/amsfonts/cm/cmr9.pfb></usr/share/texlive/texmf-dist/fonts/type1/public/amsfonts/cm/cmsy10.pfb></usr/share/texlive/texmf-dist/fonts/type1/public/amsfonts/cm/cmsy7.pfb>
Output written on report_v0.pdf (7 pages, 14078261 bytes).
PDF statistics:
 355 PDF objects out of 1000 (max. 8388607)
 98 compressed objects within 1 object stream
 0 named destinations out of 1000 (max. 500000)
 36 words of extra memory for PDF output out of 10000 (max. 10000000)

